# JRE version: OpenJDK Runtime Environment Temurin-21.0.8+9 (21.0.8+9) (build 21.0.8+9-LTS)
# Java VM: OpenJDK 64-Bit Server VM Temurin-21.0.8+9 (21.0.8+9-LTS, mixed mode, sharing, tiered, compressed oops, compressed class ptrs, parallel gc, windows-amd64)
GC Precious Log:
 CardTable entry size: 512
 CPUs: 4 total, 4 available
 Memory: 3819M
 Large Page Support: Disabled
 NUMA Support: Disabled
 Compressed Oops: Enabled (32-bit)
 Alignments: Space 512K, Generation 512K, Heap 2M
 Heap Min Capacity: 100M
 Heap Initial Capacity: 100M
 Heap Max Capacity: 2G
 Pre-touch: Disabled
 Parallel Workers: 4
Heap:
 PSYoungGen      total 17408K, used 12996K [0x00000000d5580000, 0x00000000d7800000, 0x0000000100000000)
  eden space 16896K, 74% used [0x00000000d5580000,0x00000000d61d9368,0x00000000d6600000)
  from space 512K, 68% used [0x00000000d7680000,0x00000000d76d8060,0x00000000d7700000)
  to   space 1024K, 0% used [0x00000000d7700000,0x00000000d7700000,0x00000000d7800000)
 ParOldGen       total 1242624K, used 1081500K [0x0000000080000000, 0x00000000cbd80000, 0x00000000d5580000)
  object space 1242624K, 87% used [0x0000000080000000,0x00000000c2027198,0x00000000cbd80000)
 Metaspace       used 104169K, committed 106240K, reserved 1179648K
  class space    used 10558K, committed 11584K, reserved 1048576K
GC Heap History (20 events):
Event: 6178.127 GC heap before
{Heap before GC invocations=3596 (full 6):
 PSYoungGen      total 18432K, used 18260K [0x00000000d5580000, 0x00000000d6900000, 0x0000000100000000)
  eden space 16896K, 99% used [0x00000000d5580000,0x00000000d65fffe8,0x00000000d6600000)
  from space 1536K, 88% used [0x00000000d6680000,0x00000000d67d5240,0x00000000d6800000)
  to   space 1024K, 0% used [0x00000000d6800000,0x00000000d6800000,0x00000000d6900000)
 ParOldGen       total 1242624K, used 1032744K [0x0000000080000000, 0x00000000cbd80000, 0x00000000d5580000)
  object space 1242624K, 83% used [0x0000000080000000,0x00000000bf08a168,0x00000000cbd80000)
 Metaspace       used 104125K, committed 106176K, reserved 1179648K
  class space    used 10557K, committed 11584K, reserved 1048576K
}
Event: 6178.140 GC heap after
{Heap after GC invocations=3596 (full 6):
 PSYoungGen      total 17920K, used 884K [0x00000000d5580000, 0x00000000d6900000, 0x0000000100000000)
  eden space 16896K, 0% used [0x00000000d5580000,0x00000000d5580000,0x00000000d6600000)
  from space 1024K, 86% used [0x00000000d6800000,0x00000000d68dd200,0x00000000d6900000)
  to   space 1536K, 0% used [0x00000000d6600000,0x00000000d6600000,0x00000000d6780000)
 ParOldGen       total 1242624K, used 1034017K [0x0000000080000000, 0x00000000cbd80000, 0x00000000d5580000)
  object space 1242624K, 83% used [0x0000000080000000,0x00000000bf1c84d0,0x00000000cbd80000)
 Metaspace       used 104125K, committed 106176K, reserved 1179648K
  class space    used 10557K, committed 11584K, reserved 1048576K
}
Event: 6178.606 GC heap before
{Heap before GC invocations=3597 (full 6):
 PSYoungGen      total 17920K, used 17780K [0x00000000d5580000, 0x00000000d6900000, 0x0000000100000000)
  eden space 16896K, 100% used [0x00000000d5580000,0x00000000d6600000,0x00000000d6600000)
  from space 1024K, 86% used [0x00000000d6800000,0x00000000d68dd200,0x00000000d6900000)
  to   space 1536K, 0% used [0x00000000d6600000,0x00000000d6600000,0x00000000d6780000)
 ParOldGen       total 1242624K, used 1034017K [0x0000000080000000, 0x00000000cbd80000, 0x00000000d5580000)
  object space 1242624K, 83% used [0x0000000080000000,0x00000000bf1c84d0,0x00000000cbd80000)
 Metaspace       used 104125K, committed 106176K, reserved 1179648K
  class space    used 10557K, committed 11584K, reserved 1048576K
}
Event: 6178.613 GC heap after
{Heap after GC invocations=3597 (full 6):
 PSYoungGen      total 18432K, used 1092K [0x00000000d5580000, 0x00000000d6900000, 0x0000000100000000)
  eden space 16896K, 0% used [0x00000000d5580000,0x00000000d5580000,0x00000000d6600000)
  from space 1536K, 71% used [0x00000000d6600000,0x00000000d6711210,0x00000000d6780000)
  to   space 1536K, 0% used [0x00000000d6780000,0x00000000d6780000,0x00000000d6900000)
 ParOldGen       total 1242624K, used 1034314K [0x0000000080000000, 0x00000000cbd80000, 0x00000000d5580000)
  object space 1242624K, 83% used [0x0000000080000000,0x00000000bf212ac8,0x00000000cbd80000)
 Metaspace       used 104125K, committed 106176K, reserved 1179648K
  class space    used 10557K, committed 11584K, reserved 1048576K
}
Event: 6178.868 GC heap before
{Heap before GC invocations=3598 (full 6):
 PSYoungGen      total 18432K, used 17988K [0x00000000d5580000, 0x00000000d6900000, 0x0000000100000000)
  eden space 16896K, 100% used [0x00000000d5580000,0x00000000d6600000,0x00000000d6600000)
  from space 1536K, 71% used [0x00000000d6600000,0x00000000d6711210,0x00000000d6780000)
  to   space 1536K, 0% used [0x00000000d6780000,0x00000000d6780000,0x00000000d6900000)
 ParOldGen       total 1242624K, used 1034314K [0x0000000080000000, 0x00000000cbd80000, 0x00000000d5580000)
  object space 1242624K, 83% used [0x0000000080000000,0x00000000bf212ac8,0x00000000cbd80000)
 Metaspace       used 104128K, committed 106176K, reserved 1179648K
  class space    used 10557K, committed 11584K, reserved 1048576K
}
Event: 6178.876 GC heap after
{Heap after GC invocations=3598 (full 6):
 PSYoungGen      total 17920K, used 756K [0x00000000d5580000, 0x00000000d6880000, 0x0000000100000000)
  eden space 16896K, 0% used [0x00000000d5580000,0x00000000d5580000,0x00000000d6600000)
  from space 1024K, 73% used [0x00000000d6780000,0x00000000d683d220,0x00000000d6880000)
  to   space 1024K, 0% used [0x00000000d6680000,0x00000000d6680000,0x00000000d6780000)
 ParOldGen       total 1242624K, used 1035313K [0x0000000080000000, 0x00000000cbd80000, 0x00000000d5580000)
  object space 1242624K, 83% used [0x0000000080000000,0x00000000bf30c580,0x00000000cbd80000)
 Metaspace       used 104128K, committed 106176K, reserved 1179648K
  class space    used 10557K, committed 11584K, reserved 1048576K
}
Event: 6200.599 GC heap before
{Heap before GC invocations=3599 (full 6):
 PSYoungGen      total 17920K, used 17652K [0x00000000d5580000, 0x00000000d6880000, 0x0000000100000000)
  eden space 16896K, 100% used [0x00000000d5580000,0x00000000d6600000,0x00000000d6600000)
  from space 1024K, 73% used [0x00000000d6780000,0x00000000d683d220,0x00000000d6880000)
  to   space 1024K, 0% used [0x00000000d6680000,0x00000000d6680000,0x00000000d6780000)
 ParOldGen       total 1242624K, used 1035313K [0x0000000080000000, 0x00000000cbd80000, 0x00000000d5580000)
  object space 1242624K, 83% used [0x0000000080000000,0x00000000bf30c580,0x00000000cbd80000)
 Metaspace       used 104128K, committed 106176K, reserved 1179648K
  class space    used 10557K, committed 11584K, reserved 1048576K
}
Event: 6201.043 GC heap after
{Heap after GC invocations=3599 (full 6):
 PSYoungGen      total 17920K, used 1018K [0x00000000d5580000, 0x00000000d7a00000, 0x0000000100000000)
  eden space 16896K, 0% used [0x00000000d5580000,0x00000000d5580000,0x00000000d6600000)
  from space 1024K, 99% used [0x00000000d6680000,0x00000000d677eaa0,0x00000000d6780000)
  to   space 10240K, 0% used [0x00000000d7000000,0x00000000d7000000,0x00000000d7a00000)
 ParOldGen       total 1242624K, used 1043064K [0x0000000080000000, 0x00000000cbd80000, 0x00000000d5580000)
  object space 1242624K, 83% used [0x0000000080000000,0x00000000bfa9e080,0x00000000cbd80000)
 Metaspace       used 104128K, committed 106176K, reserved 1179648K
  class space    used 10557K, committed 11584K, reserved 1048576K
}
Event: 6201.515 GC heap before
{Heap before GC invocations=3600 (full 6):
 PSYoungGen      total 17920K, used 17914K [0x00000000d5580000, 0x00000000d7a00000, 0x0000000100000000)
  eden space 16896K, 100% used [0x00000000d5580000,0x00000000d6600000,0x00000000d6600000)
  from space 1024K, 99% used [0x00000000d6680000,0x00000000d677eaa0,0x00000000d6780000)
  to   space 10240K, 0% used [0x00000000d7000000,0x00000000d7000000,0x00000000d7a00000)
 ParOldGen       total 1242624K, used 1043064K [0x0000000080000000, 0x00000000cbd80000, 0x00000000d5580000)
  object space 1242624K, 83% used [0x0000000080000000,0x00000000bfa9e080,0x00000000cbd80000)
 Metaspace       used 104128K, committed 106176K, reserved 1179648K
  class space    used 10557K, committed 11584K, reserved 1048576K
}
Event: 6201.543 GC heap after
{Heap after GC invocations=3600 (full 6):
 PSYoungGen      total 22528K, used 5345K [0x00000000d5580000, 0x00000000d7580000, 0x0000000100000000)
  eden space 16896K, 0% used [0x00000000d5580000,0x00000000d5580000,0x00000000d6600000)
  from space 5632K, 94% used [0x00000000d7000000,0x00000000d7538700,0x00000000d7580000)
  to   space 6656K, 0% used [0x00000000d6880000,0x00000000d6880000,0x00000000d6f00000)
 ParOldGen       total 1242624K, used 1043164K [0x0000000080000000, 0x00000000cbd80000, 0x00000000d5580000)
  object space 1242624K, 83% used [0x0000000080000000,0x00000000bfab7328,0x00000000cbd80000)
 Metaspace       used 104128K, committed 106176K, reserved 1179648K
  class space    used 10557K, committed 11584K, reserved 1048576K
}
Event: 6201.849 GC heap before
{Heap before GC invocations=3601 (full 6):
 PSYoungGen      total 22528K, used 22241K [0x00000000d5580000, 0x00000000d7580000, 0x0000000100000000)
  eden space 16896K, 100% used [0x00000000d5580000,0x00000000d6600000,0x00000000d6600000)
  from space 5632K, 94% used [0x00000000d7000000,0x00000000d7538700,0x00000000d7580000)
  to   space 6656K, 0% used [0x00000000d6880000,0x00000000d6880000,0x00000000d6f00000)
 ParOldGen       total 1242624K, used 1043164K [0x0000000080000000, 0x00000000cbd80000, 0x00000000d5580000)
  object space 1242624K, 83% used [0x0000000080000000,0x00000000bfab7328,0x00000000cbd80000)
 Metaspace       used 104131K, committed 106176K, reserved 1179648K
  class space    used 10557K, committed 11584K, reserved 1048576K
}
Event: 6201.894 GC heap after
{Heap after GC invocations=3601 (full 6):
 PSYoungGen      total 23552K, used 6643K [0x00000000d5580000, 0x00000000d8d00000, 0x0000000100000000)
  eden space 16896K, 0% used [0x00000000d5580000,0x00000000d5580000,0x00000000d6600000)
  from space 6656K, 99% used [0x00000000d6880000,0x00000000d6efcf30,0x00000000d6f00000)
  to   space 19968K, 0% used [0x00000000d7980000,0x00000000d7980000,0x00000000d8d00000)
 ParOldGen       total 1242624K, used 1054139K [0x0000000080000000, 0x00000000cbd80000, 0x00000000d5580000)
  object space 1242624K, 84% used [0x0000000080000000,0x00000000c056edf0,0x00000000cbd80000)
 Metaspace       used 104131K, committed 106176K, reserved 1179648K
  class space    used 10557K, committed 11584K, reserved 1048576K
}
Event: 6202.631 GC heap before
{Heap before GC invocations=3602 (full 6):
 PSYoungGen      total 23552K, used 19202K [0x00000000d5580000, 0x00000000d8d00000, 0x0000000100000000)
  eden space 16896K, 74% used [0x00000000d5580000,0x00000000d61c3c68,0x00000000d6600000)
  from space 6656K, 99% used [0x00000000d6880000,0x00000000d6efcf30,0x00000000d6f00000)
  to   space 19968K, 0% used [0x00000000d7980000,0x00000000d7980000,0x00000000d8d00000)
 ParOldGen       total 1242624K, used 1054139K [0x0000000080000000, 0x00000000cbd80000, 0x00000000d5580000)
  object space 1242624K, 84% used [0x0000000080000000,0x00000000c056edf0,0x00000000cbd80000)
 Metaspace       used 104137K, committed 106176K, reserved 1179648K
  class space    used 10557K, committed 11584K, reserved 1048576K
}
Event: 6202.646 GC heap after
{Heap after GC invocations=3602 (full 6):
 PSYoungGen      total 19456K, used 2176K [0x00000000d5580000, 0x00000000d7c00000, 0x0000000100000000)
  eden space 16896K, 0% used [0x00000000d5580000,0x00000000d5580000,0x00000000d6600000)
  from space 2560K, 85% used [0x00000000d7980000,0x00000000d7ba0050,0x00000000d7c00000)
  to   space 8192K, 0% used [0x00000000d6c00000,0x00000000d6c00000,0x00000000d7400000)
 ParOldGen       total 1242624K, used 1055672K [0x0000000080000000, 0x00000000cbd80000, 0x00000000d5580000)
  object space 1242624K, 84% used [0x0000000080000000,0x00000000c06ee148,0x00000000cbd80000)
 Metaspace       used 104137K, committed 106176K, reserved 1179648K
  class space    used 10557K, committed 11584K, reserved 1048576K
}
Event: 6209.940 GC heap before
{Heap before GC invocations=3603 (full 6):
 PSYoungGen      total 19456K, used 19072K [0x00000000d5580000, 0x00000000d7c00000, 0x0000000100000000)
  eden space 16896K, 100% used [0x00000000d5580000,0x00000000d6600000,0x00000000d6600000)
  from space 2560K, 85% used [0x00000000d7980000,0x00000000d7ba0050,0x00000000d7c00000)
  to   space 8192K, 0% used [0x00000000d6c00000,0x00000000d6c00000,0x00000000d7400000)
 ParOldGen       total 1242624K, used 1078712K [0x0000000080000000, 0x00000000cbd80000, 0x00000000d5580000)
  object space 1242624K, 86% used [0x0000000080000000,0x00000000c1d6e168,0x00000000cbd80000)
 Metaspace       used 104139K, committed 106176K, reserved 1179648K
  class space    used 10558K, committed 11584K, reserved 1048576K
}
Event: 6209.958 GC heap after
{Heap after GC invocations=3603 (full 6):
 PSYoungGen      total 25088K, used 786K [0x00000000d5580000, 0x00000000d7a00000, 0x0000000100000000)
  eden space 16896K, 0% used [0x00000000d5580000,0x00000000d5580000,0x00000000d6600000)
  from space 8192K, 9% used [0x00000000d6c00000,0x00000000d6cc4870,0x00000000d7400000)
  to   space 2560K, 0% used [0x00000000d7780000,0x00000000d7780000,0x00000000d7a00000)
 ParOldGen       total 1242624K, used 1080687K [0x0000000080000000, 0x00000000cbd80000, 0x00000000d5580000)
  object space 1242624K, 86% used [0x0000000080000000,0x00000000c1f5bf58,0x00000000cbd80000)
 Metaspace       used 104139K, committed 106176K, reserved 1179648K
  class space    used 10558K, committed 11584K, reserved 1048576K
}
Event: 6210.349 GC heap before
{Heap before GC invocations=3604 (full 6):
 PSYoungGen      total 25088K, used 17682K [0x00000000d5580000, 0x00000000d7a00000, 0x0000000100000000)
  eden space 16896K, 100% used [0x00000000d5580000,0x00000000d6600000,0x00000000d6600000)
  from space 8192K, 9% used [0x00000000d6c00000,0x00000000d6cc4870,0x00000000d7400000)
  to   space 2560K, 0% used [0x00000000d7780000,0x00000000d7780000,0x00000000d7a00000)
 ParOldGen       total 1242624K, used 1080687K [0x0000000080000000, 0x00000000cbd80000, 0x00000000d5580000)
  object space 1242624K, 86% used [0x0000000080000000,0x00000000c1f5bf58,0x00000000cbd80000)
 Metaspace       used 104145K, committed 106176K, reserved 1179648K
  class space    used 10558K, committed 11584K, reserved 1048576K
}
Event: 6210.361 GC heap after
{Heap after GC invocations=3604 (full 6):
 PSYoungGen      total 17920K, used 762K [0x00000000d5580000, 0x00000000d7880000, 0x0000000100000000)
  eden space 16896K, 0% used [0x00000000d5580000,0x00000000d5580000,0x00000000d6600000)
  from space 1024K, 74% used [0x00000000d7780000,0x00000000d783e920,0x00000000d7880000)
  to   space 1024K, 0% used [0x00000000d7680000,0x00000000d7680000,0x00000000d7780000)
 ParOldGen       total 1242624K, used 1081284K [0x0000000080000000, 0x00000000cbd80000, 0x00000000d5580000)
  object space 1242624K, 87% used [0x0000000080000000,0x00000000c1ff1178,0x00000000cbd80000)
 Metaspace       used 104145K, committed 106176K, reserved 1179648K
  class space    used 10558K, committed 11584K, reserved 1048576K
}
Event: 6215.796 GC heap before
{Heap before GC invocations=3605 (full 6):
 PSYoungGen      total 17920K, used 17658K [0x00000000d5580000, 0x00000000d7880000, 0x0000000100000000)
  eden space 16896K, 99% used [0x00000000d5580000,0x00000000d65ffff8,0x00000000d6600000)
  from space 1024K, 74% used [0x00000000d7780000,0x00000000d783e920,0x00000000d7880000)
  to   space 1024K, 0% used [0x00000000d7680000,0x00000000d7680000,0x00000000d7780000)
 ParOldGen       total 1242624K, used 1081284K [0x0000000080000000, 0x00000000cbd80000, 0x00000000d5580000)
  object space 1242624K, 87% used [0x0000000080000000,0x00000000c1ff1178,0x00000000cbd80000)
 Metaspace       used 104158K, committed 106176K, reserved 1179648K
  class space    used 10558K, committed 11584K, reserved 1048576K
}
Event: 6215.820 GC heap after
{Heap after GC invocations=3605 (full 6):
 PSYoungGen      total 17408K, used 352K [0x00000000d5580000, 0x00000000d7800000, 0x0000000100000000)
  eden space 16896K, 0% used [0x00000000d5580000,0x00000000d5580000,0x00000000d6600000)
  from space 512K, 68% used [0x00000000d7680000,0x00000000d76d8060,0x00000000d7700000)
  to   space 1024K, 0% used [0x00000000d7700000,0x00000000d7700000,0x00000000d7800000)
 ParOldGen       total 1242624K, used 1081500K [0x0000000080000000, 0x00000000cbd80000, 0x00000000d5580000)
  object space 1242624K, 87% used [0x0000000080000000,0x00000000c2027198,0x00000000cbd80000)
 Metaspace       used 104158K, committed 106176K, reserved 1179648K
  class space    used 10558K, committed 11584K, reserved 1048576K
}

